0 info it worked if it ends with ok
1 verbose cli [ 'node', '/usr/local/bin/npm', 'run', 'watchMeteorOS' ]
2 info using npm@3.9.0
3 info using node@v0.12.2
4 verbose node symlink /usr/local/bin/node
5 verbose stack Error: ENOENT, open '/Users/joshua/dev/meteor_os/package.json'
5 verbose stack     at Error (native)
6 verbose cwd /Users/joshua/dev/meteor_os
7 error Darwin 15.4.0
8 error argv "node" "/usr/local/bin/npm" "run" "watchMeteorOS"
9 error node v0.12.2
10 error npm  v3.9.0
11 error path /Users/joshua/dev/meteor_os/package.json
12 error code ENOENT
13 error errno -2
14 error enoent ENOENT, open '/Users/joshua/dev/meteor_os/package.json'
15 error enoent ENOENT, open '/Users/joshua/dev/meteor_os/package.json'
15 error enoent This is most likely not a problem with npm itself
15 error enoent and is related to npm not being able to find a file.
16 verbose exit [ -2, true ]
